<?xml version="1.0" encoding="UTF-8"?>
<!-- Generated by org.testng.reporters.JUnitXMLReporter -->
<testsuite ignored="13" hostname="laptu" failures="1" tests="1" name="Default test" time="26.553" errors="0" timestamp="2023-06-11T04:17:31 IST">
  <testcase classname="ipl_stat.IplStatPageTest" name="battersPlayersTypeTest" time="18.922">
    <failure type="java.lang.AssertionError" message="players are sorted in descending order expected [true] but found [false]">
      <![CDATA[java.lang.AssertionError: players are sorted in descending order expected [true] but found [false]
at org.testng.Assert.fail(Assert.java:99)
at org.testng.Assert.failNotEquals(Assert.java:1037)
at org.testng.Assert.assertTrue(Assert.java:45)
at ipl_stat.IplStatPageTest.battersPlayersTypeTest(IplStatPageTest.java:567)
at java.base/jdk.internal.reflect.DirectMethodHandleAccessor.invoke(DirectMethodHandleAccessor.java:104)
at java.base/java.lang.reflect.Method.invoke(Method.java:578)
at org.testng.internal.MethodInvocationHelper.invokeMethod(MethodInvocationHelper.java:133)
at org.testng.internal.TestInvoker.invokeMethod(TestInvoker.java:598)
at org.testng.internal.TestInvoker.invokeTestMethod(TestInvoker.java:173)
at org.testng.internal.MethodRunner.runInSequence(MethodRunner.java:46)
at org.testng.internal.TestInvoker$MethodInvocationAgent.invoke(TestInvoker.java:824)
at org.testng.internal.TestInvoker.invokeTestMethods(TestInvoker.java:146)
at org.testng.internal.TestMethodWorker.invokeTestMethods(TestMethodWorker.java:146)
at org.testng.internal.TestMethodWorker.run(TestMethodWorker.java:128)
at java.base/java.util.ArrayList.forEach(ArrayList.java:1511)
at org.testng.TestRunner.privateRun(TestRunner.java:794)
at org.testng.TestRunner.run(TestRunner.java:596)
at org.testng.SuiteRunner.runTest(SuiteRunner.java:377)
at org.testng.SuiteRunner.runSequentially(SuiteRunner.java:371)
at org.testng.SuiteRunner.privateRun(SuiteRunner.java:332)
at org.testng.SuiteRunner.run(SuiteRunner.java:276)
at org.testng.SuiteRunnerWorker.runSuite(SuiteRunnerWorker.java:53)
at org.testng.SuiteRunnerWorker.run(SuiteRunnerWorker.java:96)
at org.testng.TestNG.runSuitesSequentially(TestNG.java:1212)
at org.testng.TestNG.runSuitesLocally(TestNG.java:1134)
at org.testng.TestNG.runSuites(TestNG.java:1063)
at org.testng.TestNG.run(TestNG.java:1031)
at org.testng.remote.AbstractRemoteTestNG.run(AbstractRemoteTestNG.java:115)
at org.testng.remote.RemoteTestNG.initAndRun(RemoteTestNG.java:251)
at org.testng.remote.RemoteTestNG.main(RemoteTestNG.java:77)
]]>
    </failure>
  </testcase> <!-- battersPlayersTypeTest -->
  <testcase classname="ipl_stat.IplStatPageTest" name="bowlersPlayersTypeTest2" time="0.0">
    <ignored/>
  </testcase> <!-- bowlersPlayersTypeTest2 -->
  <testcase classname="ipl_stat.IplStatPageTest" name="bowlersCategoryTest2" time="0.0">
    <ignored/>
  </testcase> <!-- bowlersCategoryTest2 -->
  <testcase classname="ipl_stat.IplStatPageTest" name="seasonListboxtest1" time="0.0">
    <ignored/>
  </testcase> <!-- seasonListboxtest1 -->
  <testcase classname="ipl_stat.IplStatPageTest" name="battersCategoryTest2" time="0.0">
    <ignored/>
  </testcase> <!-- battersCategoryTest2 -->
  <testcase classname="ipl_stat.IplStatPageTest" name="seasonListboxtest2" time="0.0">
    <ignored/>
  </testcase> <!-- seasonListboxtest2 -->
  <testcase classname="ipl_stat.IplStatPageTest" name="battersTeamsTest2" time="0.0">
    <ignored/>
  </testcase> <!-- battersTeamsTest2 -->
  <testcase classname="ipl_stat.IplStatPageTest" name="bowlersTeamsTest" time="0.0">
    <ignored/>
  </testcase> <!-- bowlersTeamsTest -->
  <testcase classname="ipl_stat.IplStatPageTest" name="bowlersCategoryTest" time="0.0">
    <ignored/>
  </testcase> <!-- bowlersCategoryTest -->
  <testcase classname="ipl_stat.IplStatPageTest" name="battersTesmsTest" time="0.0">
    <ignored/>
  </testcase> <!-- battersTesmsTest -->
  <testcase classname="ipl_stat.IplStatPageTest" name="bowlersPlayersTypeTest" time="0.0">
    <ignored/>
  </testcase> <!-- bowlersPlayersTypeTest -->
  <testcase classname="ipl_stat.IplStatPageTest" name="battersPlayersTypeTest2" time="0.0">
    <ignored/>
  </testcase> <!-- battersPlayersTypeTest2 -->
  <testcase classname="ipl_stat.IplStatPageTest" name="battersCategoryTest" time="0.0">
    <ignored/>
  </testcase> <!-- battersCategoryTest -->
  <testcase classname="ipl_stat.IplStatPageTest" name="bowlersTeamTest2" time="0.0">
    <ignored/>
  </testcase> <!-- bowlersTeamTest2 -->
</testsuite> <!-- Default test -->
